reader/build/intermediates/manifest_merge_blame_file/debug/manifest-merger-blame-debug-report.txt
1<?xml version="1.0" encoding="utf-8"?>
2<manifest xmlns:android="http://schemas.android.com/apk/res/android"
3    package="com.hao.reader"
4    android:versionCode="1"
5    android:versionName="1.0" >
6
7    <uses-sdk
8        android:minSdkVersion="21"
8-->src\main\AndroidManifest.xml
9        android:targetSdkVersion="30" />
9-->src\main\AndroidManifest.xml
10
11    <uses-permission android:name="android.permission.INTERNET" />
11-->src\main\AndroidManifest.xml:6:5-67
11-->src\main\AndroidManifest.xml:6:22-64
12    <uses-permission android:name="android.permission.READ_PRIVILEGED_PHONE_STATE" />
12-->src\main\AndroidManifest.xml:7:5-8:47
12-->src\main\AndroidManifest.xml:7:22-83
13    <uses-permission android:name="android.permission.WRITE_EXTERNAL_STORAGE" />
13-->src\main\AndroidManifest.xml:9:5-81
13-->src\main\AndroidManifest.xml:9:22-78
14    <uses-permission android:name="android.permission.BLUETOOTH" />
14-->src\main\AndroidManifest.xml:11:5-68
14-->src\main\AndroidManifest.xml:11:22-65
15    <uses-permission android:name="android.permission.BLUETOOTH_ADMIN" />
15-->src\main\AndroidManifest.xml:12:5-74
15-->src\main\AndroidManifest.xml:12:22-71
16    <uses-permission android:name="android.permission.ACCESS_COARSE_LOCATION" />
16-->src\main\AndroidManifest.xml:13:5-81
16-->src\main\AndroidManifest.xml:13:22-78
17    <uses-permission android:name="android.permission.ACCESS_FINE_LOCATION" />
17-->src\main\AndroidManifest.xml:14:5-79
17-->src\main\AndroidManifest.xml:14:22-76
18
19    <application
19-->src\main\AndroidManifest.xml:16:5-38:19
20        android:name="com.hao.reader.App"
20-->src\main\AndroidManifest.xml:17:9-42
21        android:allowBackup="true"
21-->src\main\AndroidManifest.xml:18:9-35
22        android:appComponentFactory="androidx.core.app.CoreComponentFactory"
22-->[androidx.core:core:1.7.0] AndroidManifest.xml:24:18-86
23        android:dataExtractionRules="@xml/data_extraction_rules"
23-->src\main\AndroidManifest.xml:19:9-65
24        android:debuggable="true"
25        android:fullBackupContent="@xml/backup_rules"
25-->src\main\AndroidManifest.xml:20:9-54
26        android:icon="@mipmap/ic_launcher"
26-->src\main\AndroidManifest.xml:21:9-43
27        android:label="@string/app_name"
27-->src\main\AndroidManifest.xml:22:9-41
28        android:roundIcon="@mipmap/ic_launcher_round"
28-->src\main\AndroidManifest.xml:23:9-54
29        android:supportsRtl="true"
29-->src\main\AndroidManifest.xml:24:9-35
30        android:testOnly="true"
31        android:theme="@style/Theme.Reader"
31-->src\main\AndroidManifest.xml:26:9-44
32        android:usesCleartextTraffic="true" >
32-->src\main\AndroidManifest.xml:25:9-44
33        <activity
33-->src\main\AndroidManifest.xml:28:9-37:20
34            android:name="com.hao.reader.ui.MainActivity"
34-->src\main\AndroidManifest.xml:29:13-58
35            android:exported="true"
35-->src\main\AndroidManifest.xml:30:13-36
36            android:theme="@style/Theme.Reader" >
36-->src\main\AndroidManifest.xml:31:13-48
37            <intent-filter>
37-->src\main\AndroidManifest.xml:32:13-36:29
38                <action android:name="android.intent.action.MAIN" />
38-->src\main\AndroidManifest.xml:33:17-69
38-->src\main\AndroidManifest.xml:33:25-66
39
40                <category android:name="android.intent.category.LAUNCHER" />
40-->src\main\AndroidManifest.xml:35:17-77
40-->src\main\AndroidManifest.xml:35:27-74
41            </intent-filter>
42        </activity>
43        <activity
43-->[androidx.compose.ui:ui-tooling:1.1.0-beta02] AndroidManifest.xml:25:9-27:39
44            android:name="androidx.compose.ui.tooling.PreviewActivity"
44-->[androidx.compose.ui:ui-tooling:1.1.0-beta02] AndroidManifest.xml:26:13-71
45            android:exported="true" />
45-->[androidx.compose.ui:ui-tooling:1.1.0-beta02] AndroidManifest.xml:27:13-36
46
47        <uses-library
47-->[androidx.window:window:1.0.0-beta03] AndroidManifest.xml:25:9-27:40
48            android:name="androidx.window.extensions"
48-->[androidx.window:window:1.0.0-beta03] AndroidManifest.xml:26:13-54
49            android:required="false" />
49-->[androidx.window:window:1.0.0-beta03] AndroidManifest.xml:27:13-37
50        <uses-library
50-->[androidx.window:window:1.0.0-beta03] AndroidManifest.xml:28:9-30:40
51            android:name="androidx.window.sidecar"
51-->[androidx.window:window:1.0.0-beta03] AndroidManifest.xml:29:13-51
52            android:required="false" />
52-->[androidx.window:window:1.0.0-beta03] AndroidManifest.xml:30:13-37
53
54        <provider
54-->[androidx.profileinstaller:profileinstaller:1.1.0-beta02] AndroidManifest.xml:26:9-34:20
55            android:name="androidx.startup.InitializationProvider"
55-->[androidx.profileinstaller:profileinstaller:1.1.0-beta02] AndroidManifest.xml:27:13-67
56            android:authorities="com.hao.reader.androidx-startup"
56-->[androidx.profileinstaller:profileinstaller:1.1.0-beta02] AndroidManifest.xml:28:13-68
57            android:exported="false" >
57-->[androidx.profileinstaller:profileinstaller:1.1.0-beta02] AndroidManifest.xml:29:13-37
58            <meta-data
58-->[androidx.profileinstaller:profileinstaller:1.1.0-beta02] AndroidManifest.xml:31:13-33:52
59                android:name="androidx.profileinstaller.ProfileInstallerInitializer"
59-->[androidx.profileinstaller:profileinstaller:1.1.0-beta02] AndroidManifest.xml:32:17-85
60                android:value="androidx.startup" />
60-->[androidx.profileinstaller:profileinstaller:1.1.0-beta02] AndroidManifest.xml:33:17-49
61        </provider>
62
63        <receiver
63-->[androidx.profileinstaller:profileinstaller:1.1.0-beta02] AndroidManifest.xml:36:9-45:20
64            android:name="androidx.profileinstaller.ProfileInstallReceiver"
64-->[androidx.profileinstaller:profileinstaller:1.1.0-beta02] AndroidManifest.xml:37:13-76
65            android:directBootAware="false"
65-->[androidx.profileinstaller:profileinstaller:1.1.0-beta02] AndroidManifest.xml:38:13-44
66            android:enabled="true"
66-->[androidx.profileinstaller:profileinstaller:1.1.0-beta02] AndroidManifest.xml:39:13-35
67            android:exported="true"
67-->[androidx.profileinstaller:profileinstaller:1.1.0-beta02] AndroidManifest.xml:40:13-36
68            android:permission="android.permission.DUMP" >
68-->[androidx.profileinstaller:profileinstaller:1.1.0-beta02] AndroidManifest.xml:41:13-57
69            <intent-filter>
69-->[androidx.profileinstaller:profileinstaller:1.1.0-beta02] AndroidManifest.xml:42:13-44:29
70                <action android:name="androidx.profileinstaller.action.INSTALL_PROFILE" />
70-->[androidx.profileinstaller:profileinstaller:1.1.0-beta02] AndroidManifest.xml:43:17-91
70-->[androidx.profileinstaller:profileinstaller:1.1.0-beta02] AndroidManifest.xml:43:25-88
71            </intent-filter>
72        </receiver>
73    </application>
74
75</manifest>